<?xml version="1.0" encoding="UTF-8"?>
<!-- Generated by org.testng.reporters.JUnitXMLReporter -->
<testsuite hostname="DESKTOP-0M1MH5T" ignored="0" name="Default test" tests="4" failures="0" timestamp="2021-05-10T08:14:16 IST" time="99.773" errors="0">
  <testcase name="searchTest" time="17.273" classname="com.qa.linkedin.test.SearchDDrivenTest"/>
  <testcase name="searchTest" time="11.689" classname="com.qa.linkedin.test.SearchDDrivenTest"/>
  <testcase name="searchTest" time="11.522" classname="com.qa.linkedin.test.SearchDDrivenTest"/>
  <testcase name="searchTest" time="11.436" classname="com.qa.linkedin.test.SearchDDrivenTest"/>
</testsuite> <!-- Default test -->
