<?xml version="1.0" encoding="UTF-8"?>
<!-- Generated by org.testng.reporters.JUnitXMLReporter -->
<testsuite hostname="DESKTOP-0M1MH5T" ignored="0" name="LinkedinTest" tests="5" failures="0" timestamp="2021-05-11T06:46:26 IST" time="107.927" errors="0">
  <testcase name="homePageTest" time="61.468" classname="com.qa.linkedin.test.SearchDDrivenTest"/>
  <testcase name="searchTest" time="11.865" classname="com.qa.linkedin.test.SearchDDrivenTest"/>
  <testcase name="searchTest" time="10.527" classname="com.qa.linkedin.test.SearchDDrivenTest"/>
  <testcase name="searchTest" time="7.587" classname="com.qa.linkedin.test.SearchDDrivenTest"/>
  <testcase name="searchTest" time="7.941" classname="com.qa.linkedin.test.SearchDDrivenTest"/>
</testsuite> <!-- LinkedinTest -->
